\BOOKMARK [1][-]{section.1}{\376\377\0002\0000\0002\0003\000-\0000\0009\000-\0000\0008\000\040\040\023\000\040\0001}{}% 1
\BOOKMARK [2][-]{subsection.1.1}{\376\377\000R\000i\000n\000g\000\040\000a\000n\000d\000\040\000f\000i\000e\000l\000d}{section.1}% 2
\BOOKMARK [2][-]{subsection.1.2}{\376\377\000S\000u\000b\000-\000f\000i\000e\000l\000d\000\040\000a\000n\000d\000\040\000s\000u\000b\000-\000r\000i\000n\000g}{section.1}% 3
\BOOKMARK [2][-]{subsection.1.3}{\376\377\000H\000o\000m\000o\000m\000o\000r\000p\000h\000i\000s\000m}{section.1}% 4
\BOOKMARK [2][-]{subsection.1.4}{\376\377\000H\000o\000m\000o\000m\000o\000r\000p\000h\000i\000s\000m\000\040\000t\000y\000p\000e\000s}{section.1}% 5
\BOOKMARK [2][-]{subsection.1.5}{\376\377\000I\000s\000o\000m\000o\000r\000p\000h\000i\000c\000\040\000r\000i\000n\000g\000s}{section.1}% 6
\BOOKMARK [1][-]{section.2}{\376\377\0002\0000\0002\0003\000-\0000\0009\000-\0000\0008\000\040\040\023\000\040\0002}{}% 7
\BOOKMARK [2][-]{subsection.2.1}{\376\377\000C\000o\000m\000p\000l\000e\000x\000\040\000n\000u\000m\000b\000e\000r\000s}{section.2}% 8
\BOOKMARK [1][-]{section.3}{\376\377\0002\0000\0002\0003\000-\0000\0009\000-\0001\0005}{}% 9
\BOOKMARK [2][-]{subsection.3.1}{\376\377\000r\000o\000o\000t\000\040\000o\000f\000\040\000c\000o\000m\000p\000l\000e\000x\000\040\000n\000u\000m\000b\000e\000r}{section.3}% 10
\BOOKMARK [2][-]{subsection.3.2}{\376\377\000r\000o\000o\000t\000\040\000o\000f\000\040\000n\000\040\000f\000o\000r\000\040\0001}{section.3}% 11
\BOOKMARK [2][-]{subsection.3.3}{\376\377\000I\000n\000t\000e\000g\000e\000r\000s}{section.3}% 12
\BOOKMARK [2][-]{subsection.3.4}{\376\377\000d\000i\000v\000i\000s\000i\000b\000i\000l\000i\000t\000y}{section.3}% 13
\BOOKMARK [2][-]{subsection.3.5}{\376\377\000G\000C\000D}{section.3}% 14
\BOOKMARK [2][-]{subsection.3.6}{\376\377\000E\000u\000c\000l\000i\000d\000\040\000a\000l\000g\000o\000r\000i\000t\000h\000m}{section.3}% 15
\BOOKMARK [2][-]{subsection.3.7}{\376\377\000L\000i\000n\000e\000a\000r\000\040\000G\000C\000D\000\040\000r\000e\000p\000r\000e\000s\000e\000n\000t\000a\000t\000i\000o\000n}{section.3}% 16
\BOOKMARK [2][-]{subsection.3.8}{\376\377\000G\000C\000D\000\040\000o\000f\000\040\000n\000\040\000n\000u\000m\000b\000e\000r\000s}{section.3}% 17
\BOOKMARK [2][-]{subsection.3.9}{\376\377\000r\000e\000l\000a\000t\000i\000v\000e\000l\000y\000\040\000p\000r\000i\000m\000e\000\040\000n\000u\000m\000b\000e\000r\000s}{section.3}% 18
\BOOKMARK [2][-]{subsection.3.10}{\376\377\000P\000r\000i\000m\000e\000\040\000n\000u\000m\000b\000e\000r\000s}{section.3}% 19
\BOOKMARK [2][-]{subsection.3.11}{\376\377\000C\000a\000n\000o\000n\000i\000c\000\040\000f\000a\000c\000t\000o\000r\000i\000z\000a\000t\000i\000o\000n}{section.3}% 20
