\BOOKMARK [1][-]{section.1}{\376\377\0002\0000\0002\0003\000-\0000\0009\000-\0000\0005}{}% 1
\BOOKMARK [2][-]{subsection.1.1}{\376\377\004\022\004\062\004\065\004\064\004\065\004\075\004\070\004\065}{section.1}% 2
\BOOKMARK [2][-]{subsection.1.2}{\376\377\000S\000e\000t\000s\000\040\000a\000n\000d\000\040\000r\000e\000l\000a\000t\000i\000o\000n\000s}{section.1}% 3
\BOOKMARK [2][-]{subsection.1.3}{\376\377\000D\000e\000f\000i\000n\000i\000n\000g\000\040\000a\000\040\000s\000e\000t}{section.1}% 4
\BOOKMARK [2][-]{subsection.1.4}{\376\377\004\037\004\100\004\076\004\061\004\073\004\065\004\074\004\113\000\040\004\070\000\040\004\077\004\060\004\100\004\060\004\064\004\076\004\072\004\101\004\113\000\040\004\102\004\065\004\076\004\100\004\070\004\070\000\040\004\074\004\075\004\076\004\066\004\065\004\101\004\102\004\062}{section.1}% 5
\BOOKMARK [2][-]{subsection.1.5}{\376\377\000O\000p\000e\000r\000a\000t\000i\000o\000n\000s\000\040\000b\000e\000t\000w\000e\000e\000n\000\040\000s\000e\000t\000s}{section.1}% 6
\BOOKMARK [2][-]{subsection.1.6}{\376\377\000D\000e\000c\000h\000a\000r\000t\000\040\000m\000u\000l\000t\000i\000p\000l\000i\000c\000a\000t\000i\000o\000n}{section.1}% 7
\BOOKMARK [2][-]{subsection.1.7}{\376\377\000B\000i\000n\000a\000r\000y\000\040\000r\000e\000l\000a\000t\000i\000o\000n\000s}{section.1}% 8
\BOOKMARK [2][-]{subsection.1.8}{\376\377\000B\000i\000n\000a\000r\000y\000\040\000a\000n\000d\000\040\000n\000-\000a\000r\000y\000\040\000r\000e\000l\000a\000t\000i\000o\000n\000s}{section.1}% 9
\BOOKMARK [2][-]{subsection.1.9}{\376\377\000P\000r\000o\000p\000e\000r\000t\000i\000e\000s\000\040\000o\000f\000\040\000r\000e\000l\000a\000t\000i\000o\000n\000s}{section.1}% 10
\BOOKMARK [1][-]{section.2}{\376\377\0002\0000\0002\0003\000-\0000\0009\000-\0001\0002}{}% 11
\BOOKMARK [2][-]{subsection.2.1}{\376\377\000O\000r\000d\000e\000r\000\040\000r\000e\000l\000a\000t\000i\000o\000n}{section.2}% 12
\BOOKMARK [2][-]{subsection.2.2}{\376\377\000R\000e\000l\000a\000t\000i\000o\000n\000\040\000o\000f\000\040\000l\000i\000n\000e\000a\000r\000\040\000o\000r\000d\000e\000r}{section.2}% 13
\BOOKMARK [2][-]{subsection.2.3}{\376\377\000M\000a\000p\000p\000i\000n\000g\000s\000\040\000a\000n\000d\000\040\000f\000u\000n\000c\000t\000i\000o\000n\000s}{section.2}% 14
\BOOKMARK [2][-]{subsection.2.4}{\376\377\000I\000n\000j\000e\000c\000t\000i\000o\000n\000,\000\040\000s\000u\000r\000j\000e\000c\000t\000i\000o\000n\000\040\000a\000n\000d\000\040\000b\000i\000e\000c\000t\000i\000o\000n}{section.2}% 15
\BOOKMARK [2][-]{subsection.2.5}{\376\377\000C\000o\000m\000p\000o\000s\000i\000t\000i\000o\000n\000\040\000o\000f\000\040\000r\000e\000l\000a\000t\000i\000o\000n\000s}{section.2}% 16
\BOOKMARK [2][-]{subsection.2.6}{\376\377\000R\000e\000v\000e\000r\000s\000e\000\040\000c\000r\000y\000t\000e\000r\000i\000a}{section.2}% 17
\BOOKMARK [2][-]{subsection.2.7}{\376\377\000f\000i\000n\000i\000t\000e\000\040\000s\000e\000t\000s}{section.2}% 18
\BOOKMARK [2][-]{subsection.2.8}{\376\377\000F\000i\000n\000i\000t\000e\000\040\000s\000e\000t\000s\000,\000\040\000a\000\040\000n\000u\000m\000b\000e\000r\000\040\000o\000f\000\040\000s\000u\000b\000s\000e\000t\000s}{section.2}% 19
\BOOKMARK [2][-]{subsection.2.9}{\376\377\000F\000i\000n\000i\000t\000e\000\040\000s\000e\000t\000s\000:\000\040\000a\000\040\000n\000u\000m\000b\000e\000r\000\040\000o\000f\000\040\000r\000e\000l\000a\000t\000i\000o\000n\000s}{section.2}% 20
\BOOKMARK [2][-]{subsection.2.10}{\376\377\000F\000i\000n\000i\000t\000e\000\040\000s\000e\000t\000s\000:\000\040\000p\000e\000r\000m\000u\000t\000a\000t\000i\000o\000n\000s\000\040\000a\000n\000d\000\040\004\100\004\060\004\067\004\074\004\065\004\111\004\065\004\075\004\070\004\117}{section.2}% 21
\BOOKMARK [2][-]{subsection.2.11}{\376\377\000C\000o\000u\000n\000t\000a\000b\000l\000e\000\040\000s\000e\000t\000s}{section.2}% 22
\BOOKMARK [2][-]{subsection.2.12}{\376\377\000C\000o\000u\000n\000t\000a\000b\000i\000l\000i\000t\000y\000\040\000o\000f\000\040\000m\000u\000l\000t\000i\000p\000l\000i\000c\000a\000t\000i\000o\000n}{section.2}% 23
\BOOKMARK [2][-]{subsection.2.13}{\376\377\000N\000o\000\040\000m\000o\000r\000e\000\040\000t\000h\000a\000t\000\040\000a\000\040\000c\000o\000u\000n\000t\000a\000b\000l\000e\000\040\000s\000e\000t}{section.2}% 24
\BOOKMARK [2][-]{subsection.2.14}{\376\377\000A\000\040\000u\000n\000i\000o\000n\000\040\000o\000f\000\040\000n\000o\000-\000m\000o\000r\000e\000-\000t\000h\000a\000n\000-\000c\000o\000u\000n\000t\000a\000b\000l\000e\000\040\000s\000e\000t\000s}{section.2}% 25
